<?xml version="1.0" encoding="UTF-8"?>
<testsuite name="jpabook.jpashop.service.MemberServiceTest" tests="2" skipped="0" failures="0" errors="0" timestamp="2023-03-16T06:42:56" hostname="jimyeongjuui-MacBookPro.local" time="0.103">
  <properties/>
  <testcase name="중복_회원_예외()" classname="jpabook.jpashop.service.MemberServiceTest" time="0.097"/>
  <testcase name="회원가입()" classname="jpabook.jpashop.service.MemberServiceTest" time="0.006"/>
  <system-out><![CDATA[2023-03-16T15:42:56.736+09:00  INFO 62634 --- [    Test worker] t.c.s.AnnotationConfigContextLoaderUtils : Could not detect default configuration classes for test class [jpabook.jpashop.service.MemberServiceTest]: MemberServiceTest does not declare any static, non-private, non-final, nested classes annotated with @Configuration.
2023-03-16T15:42:56.740+09:00  INFO 62634 --- [    Test worker] .b.t.c.SpringBootTestContextBootstrapper : Found @SpringBootConfiguration jpabook.jpashop.JpashopApplication for test class jpabook.jpashop.service.MemberServiceTest
2023-03-16T15:42:56.805+09:00 DEBUG 62634 --- [    Test worker] org.hibernate.SQL                        : 
    select
        m1_0.member_id,
        m1_0.city,
        m1_0.street,
        m1_0.zipcode,
        m1_0.name 
    from
        member m1_0 
    where
        m1_0.name=?
2023-03-16T15:42:56.805+09:00 TRACE 62634 --- [    Test worker] org.hibernate.orm.jdbc.bind              : binding parameter [1] as [VARCHAR] - [memberA]
2023-03-16T15:42:56.826+09:00 DEBUG 62634 --- [    Test worker] org.hibernate.SQL                        : 
    insert 
    into
        member
        (city, street, zipcode, name, member_id) 
    values
        (?, ?, ?, ?, ?)
2023-03-16T15:42:56.827+09:00 TRACE 62634 --- [    Test worker] org.hibernate.orm.jdbc.bind              : binding parameter [1] as [VARCHAR] - [null]
2023-03-16T15:42:56.827+09:00 TRACE 62634 --- [    Test worker] org.hibernate.orm.jdbc.bind              : binding parameter [2] as [VARCHAR] - [null]
2023-03-16T15:42:56.827+09:00 TRACE 62634 --- [    Test worker] org.hibernate.orm.jdbc.bind              : binding parameter [3] as [VARCHAR] - [null]
2023-03-16T15:42:56.827+09:00 TRACE 62634 --- [    Test worker] org.hibernate.orm.jdbc.bind              : binding parameter [4] as [VARCHAR] - [memberA]
2023-03-16T15:42:56.827+09:00 TRACE 62634 --- [    Test worker] org.hibernate.orm.jdbc.bind              : binding parameter [5] as [BIGINT] - [3]
2023-03-16T15:42:56.827+09:00 DEBUG 62634 --- [    Test worker] org.hibernate.SQL                        : 
    select
        m1_0.member_id,
        m1_0.city,
        m1_0.street,
        m1_0.zipcode,
        m1_0.name 
    from
        member m1_0 
    where
        m1_0.name=?
2023-03-16T15:42:56.827+09:00 TRACE 62634 --- [    Test worker] org.hibernate.orm.jdbc.bind              : binding parameter [1] as [VARCHAR] - [memberA]
2023-03-16T15:42:56.842+09:00 DEBUG 62634 --- [    Test worker] org.hibernate.SQL                        : 
    select
        m1_0.member_id,
        m1_0.city,
        m1_0.street,
        m1_0.zipcode,
        m1_0.name 
    from
        member m1_0 
    where
        m1_0.name=?
2023-03-16T15:42:56.843+09:00 TRACE 62634 --- [    Test worker] org.hibernate.orm.jdbc.bind              : binding parameter [1] as [VARCHAR] - [memberA]
]]></system-out>
  <system-err><![CDATA[]]></system-err>
</testsuite>
