<?xml version="1.0" encoding="UTF-8"?>
<testsuite name="jpabook.jpashop.service.OrderServiceTest" tests="3" skipped="0" failures="0" errors="0" timestamp="2023-03-16T06:42:56" hostname="jimyeongjuui-MacBookPro.local" time="0.015">
  <properties/>
  <testcase name="상품주문_재고수량초과()" classname="jpabook.jpashop.service.OrderServiceTest" time="0.003"/>
  <testcase name="상품주문()" classname="jpabook.jpashop.service.OrderServiceTest" time="0.008"/>
  <testcase name="주문취소()" classname="jpabook.jpashop.service.OrderServiceTest" time="0.003"/>
  <system-out><![CDATA[2023-03-16T15:42:56.848+09:00  INFO 62634 --- [    Test worker] t.c.s.AnnotationConfigContextLoaderUtils : Could not detect default configuration classes for test class [jpabook.jpashop.service.OrderServiceTest]: OrderServiceTest does not declare any static, non-private, non-final, nested classes annotated with @Configuration.
2023-03-16T15:42:56.849+09:00  INFO 62634 --- [    Test worker] .b.t.c.SpringBootTestContextBootstrapper : Found @SpringBootConfiguration jpabook.jpashop.JpashopApplication for test class jpabook.jpashop.service.OrderServiceTest
]]></system-out>
  <system-err><![CDATA[]]></system-err>
</testsuite>
